<?xml version="1.0" encoding="UTF-8"?>
<!-- Generated by org.testng.reporters.JUnitReportReporter -->
<testsuite skipped="0" hostname="T-I-N-A" name="website.automation.automationwebsite" tests="1" failures="0" timestamp="2021-07-19T22:01:45 AEST" time="4.295" errors="0">
  <testcase name="test1" time="4.295" classname="website.automation.automationwebsite"/>
  <system-out/>
</testsuite> <!-- website.automation.automationwebsite -->
